======== Resolving module 'react' from 'C:/_Git/react-power-table/examples/src/index.tsx'. ========
Explicitly specified module resolution kind: 'NodeJs'.
Loading module 'react' from 'node_modules' folder, target file type 'TypeScript'.
Directory 'C:/_Git/react-power-table/examples/src/node_modules' does not exist, skipping all lookups in it.
Directory 'C:/_Git/react-power-table/examples/node_modules' does not exist, skipping all lookups in it.
File 'C:/_Git/react-power-table/node_modules/react.ts' does not exist.
File 'C:/_Git/react-power-table/node_modules/react.tsx' does not exist.
File 'C:/_Git/react-power-table/node_modules/react.d.ts' does not exist.
Found 'package.json' at 'C:/_Git/react-power-table/node_modules/react/package.json'.
'package.json' does not have a 'typings' field.
'package.json' does not have a 'types' field.
File 'C:/_Git/react-power-table/node_modules/react/index.ts' does not exist.
File 'C:/_Git/react-power-table/node_modules/react/index.tsx' does not exist.
File 'C:/_Git/react-power-table/node_modules/react/index.d.ts' does not exist.
File 'C:/_Git/react-power-table/node_modules/@types/react.d.ts' does not exist.
Found 'package.json' at 'C:/_Git/react-power-table/node_modules/@types/react/package.json'.
'package.json' does not have a 'typings' field.
'package.json' does not have a 'types' field.
File 'C:/_Git/react-power-table/node_modules/@types/react/index.d.ts' exist - use it as a name resolution result.
Resolving real path for 'C:/_Git/react-power-table/node_modules/@types/react/index.d.ts', result 'C:/_Git/react-power-table/node_modules/@types/react/index.d.ts'
======== Module name 'react' was successfully resolved to 'C:/_Git/react-power-table/node_modules/@types/react/index.d.ts'. ========
======== Resolving module 'react-dom' from 'C:/_Git/react-power-table/examples/src/index.tsx'. ========
Explicitly specified module resolution kind: 'NodeJs'.
Loading module 'react-dom' from 'node_modules' folder, target file type 'TypeScript'.
Directory 'C:/_Git/react-power-table/examples/src/node_modules' does not exist, skipping all lookups in it.
Directory 'C:/_Git/react-power-table/examples/node_modules' does not exist, skipping all lookups in it.
File 'C:/_Git/react-power-table/node_modules/react-dom.ts' does not exist.
File 'C:/_Git/react-power-table/node_modules/react-dom.tsx' does not exist.
File 'C:/_Git/react-power-table/node_modules/react-dom.d.ts' does not exist.
Found 'package.json' at 'C:/_Git/react-power-table/node_modules/react-dom/package.json'.
'package.json' does not have a 'typings' field.
'package.json' does not have a 'types' field.
File 'C:/_Git/react-power-table/node_modules/react-dom/index.ts' does not exist.
File 'C:/_Git/react-power-table/node_modules/react-dom/index.tsx' does not exist.
File 'C:/_Git/react-power-table/node_modules/react-dom/index.d.ts' does not exist.
File 'C:/_Git/react-power-table/node_modules/@types/react-dom.d.ts' does not exist.
Found 'package.json' at 'C:/_Git/react-power-table/node_modules/@types/react-dom/package.json'.
'package.json' does not have a 'typings' field.
'package.json' does not have a 'types' field.
File 'C:/_Git/react-power-table/node_modules/@types/react-dom/index.d.ts' exist - use it as a name resolution result.
Resolving real path for 'C:/_Git/react-power-table/node_modules/@types/react-dom/index.d.ts', result 'C:/_Git/react-power-table/node_modules/@types/react-dom/index.d.ts'
======== Module name 'react-dom' was successfully resolved to 'C:/_Git/react-power-table/node_modules/@types/react-dom/index.d.ts'. ========
======== Resolving module 'react-bootstrap' from 'C:/_Git/react-power-table/examples/src/index.tsx'. ========
Explicitly specified module resolution kind: 'NodeJs'.
Loading module 'react-bootstrap' from 'node_modules' folder, target file type 'TypeScript'.
Directory 'C:/_Git/react-power-table/examples/src/node_modules' does not exist, skipping all lookups in it.
Directory 'C:/_Git/react-power-table/examples/node_modules' does not exist, skipping all lookups in it.
File 'C:/_Git/react-power-table/node_modules/react-bootstrap.ts' does not exist.
File 'C:/_Git/react-power-table/node_modules/react-bootstrap.tsx' does not exist.
File 'C:/_Git/react-power-table/node_modules/react-bootstrap.d.ts' does not exist.
Found 'package.json' at 'C:/_Git/react-power-table/node_modules/react-bootstrap/package.json'.
'package.json' does not have a 'typings' field.
'package.json' does not have a 'types' field.
File 'C:/_Git/react-power-table/node_modules/react-bootstrap/index.ts' does not exist.
File 'C:/_Git/react-power-table/node_modules/react-bootstrap/index.tsx' does not exist.
File 'C:/_Git/react-power-table/node_modules/react-bootstrap/index.d.ts' does not exist.
File 'C:/_Git/react-power-table/node_modules/@types/react-bootstrap.d.ts' does not exist.
Found 'package.json' at 'C:/_Git/react-power-table/node_modules/@types/react-bootstrap/package.json'.
'package.json' does not have a 'typings' field.
'package.json' does not have a 'types' field.
File 'C:/_Git/react-power-table/node_modules/@types/react-bootstrap/index.d.ts' exist - use it as a name resolution result.
Resolving real path for 'C:/_Git/react-power-table/node_modules/@types/react-bootstrap/index.d.ts', result 'C:/_Git/react-power-table/node_modules/@types/react-bootstrap/index.d.ts'
======== Module name 'react-bootstrap' was successfully resolved to 'C:/_Git/react-power-table/node_modules/@types/react-bootstrap/index.d.ts'. ========
======== Resolving module './basic' from 'C:/_Git/react-power-table/examples/src/index.tsx'. ========
Explicitly specified module resolution kind: 'NodeJs'.
Loading module as file / folder, candidate module location 'C:/_Git/react-power-table/examples/src/basic', target file type 'TypeScript'.
File 'C:/_Git/react-power-table/examples/src/basic.ts' does not exist.
File 'C:/_Git/react-power-table/examples/src/basic.tsx' exist - use it as a name resolution result.
======== Module name './basic' was successfully resolved to 'C:/_Git/react-power-table/examples/src/basic.tsx'. ========
======== Resolving module 'react' from 'C:/_Git/react-power-table/node_modules/@types/react-dom/index.d.ts'. ========
Explicitly specified module resolution kind: 'NodeJs'.
Loading module 'react' from 'node_modules' folder, target file type 'TypeScript'.
Directory 'C:/_Git/react-power-table/node_modules/@types/react-dom/node_modules' does not exist, skipping all lookups in it.
Directory 'C:/_Git/react-power-table/node_modules/@types/node_modules' does not exist, skipping all lookups in it.
Resolution for module 'react' was found in cache.
Resolving real path for 'C:/_Git/react-power-table/node_modules/@types/react/index.d.ts', result 'C:/_Git/react-power-table/node_modules/@types/react/index.d.ts'
======== Module name 'react' was successfully resolved to 'C:/_Git/react-power-table/node_modules/@types/react/index.d.ts'. ========
======== Resolving module 'react' from 'C:/_Git/react-power-table/node_modules/@types/react-bootstrap/index.d.ts'. ========
Explicitly specified module resolution kind: 'NodeJs'.
Loading module 'react' from 'node_modules' folder, target file type 'TypeScript'.
Directory 'C:/_Git/react-power-table/node_modules/@types/react-bootstrap/node_modules' does not exist, skipping all lookups in it.
Resolution for module 'react' was found in cache.
Resolving real path for 'C:/_Git/react-power-table/node_modules/@types/react/index.d.ts', result 'C:/_Git/react-power-table/node_modules/@types/react/index.d.ts'
======== Module name 'react' was successfully resolved to 'C:/_Git/react-power-table/node_modules/@types/react/index.d.ts'. ========
======== Resolving module 'react' from 'C:/_Git/react-power-table/examples/src/basic.tsx'. ========
Resolution for module 'react' was found in cache.
======== Module name 'react' was successfully resolved to 'C:/_Git/react-power-table/node_modules/@types/react/index.d.ts'. ========
======== Resolving module './shared' from 'C:/_Git/react-power-table/examples/src/basic.tsx'. ========
Explicitly specified module resolution kind: 'NodeJs'.
Loading module as file / folder, candidate module location 'C:/_Git/react-power-table/examples/src/shared', target file type 'TypeScript'.
File 'C:/_Git/react-power-table/examples/src/shared.ts' exist - use it as a name resolution result.
======== Module name './shared' was successfully resolved to 'C:/_Git/react-power-table/examples/src/shared.ts'. ========
======== Resolving module 'react-power-table' from 'C:/_Git/react-power-table/examples/src/basic.tsx'. ========
Explicitly specified module resolution kind: 'NodeJs'.
Loading module 'react-power-table' from 'node_modules' folder, target file type 'TypeScript'.
Directory 'C:/_Git/react-power-table/examples/src/node_modules' does not exist, skipping all lookups in it.
Directory 'C:/_Git/react-power-table/examples/node_modules' does not exist, skipping all lookups in it.
File 'C:/_Git/react-power-table/node_modules/react-power-table.ts' does not exist.
File 'C:/_Git/react-power-table/node_modules/react-power-table.tsx' does not exist.
File 'C:/_Git/react-power-table/node_modules/react-power-table.d.ts' does not exist.
File 'C:/_Git/react-power-table/node_modules/@types/react-power-table.d.ts' does not exist.
Directory 'C:/_Git/node_modules' does not exist, skipping all lookups in it.
Directory 'C:/node_modules' does not exist, skipping all lookups in it.
Loading module 'react-power-table' from 'node_modules' folder, target file type 'JavaScript'.
Directory 'C:/_Git/react-power-table/examples/src/node_modules' does not exist, skipping all lookups in it.
Directory 'C:/_Git/react-power-table/examples/node_modules' does not exist, skipping all lookups in it.
File 'C:/_Git/react-power-table/node_modules/react-power-table.js' does not exist.
File 'C:/_Git/react-power-table/node_modules/react-power-table.jsx' does not exist.
Directory 'C:/_Git/node_modules' does not exist, skipping all lookups in it.
Directory 'C:/node_modules' does not exist, skipping all lookups in it.
======== Module name 'react-power-table' was not resolved. ========
======== Resolving type reference directive 'react-power-table', containing file 'C:/_Git/react-power-table/examples/__inferred type names__.ts', root directory 'C:/_Git/react-power-table/@types,C:/_Git/react-power-table/node_modules/@types'. ========
Resolving with primary search path 'C:/_Git/react-power-table/@types, C:/_Git/react-power-table/node_modules/@types'
File 'C:/_Git/react-power-table/@types/react-power-table/package.json' does not exist.
File 'C:/_Git/react-power-table/@types/react-power-table/index.d.ts' exist - use it as a name resolution result.
Resolving real path for 'C:/_Git/react-power-table/@types/react-power-table/index.d.ts', result 'C:/_Git/react-power-table/@types/react-power-table/index.d.ts'
======== Type reference directive 'react-power-table' was successfully resolved to 'C:/_Git/react-power-table/@types/react-power-table/index.d.ts', primary: true. ========
======== Resolving type reference directive 'bootstrap', containing file 'C:/_Git/react-power-table/examples/__inferred type names__.ts', root directory 'C:/_Git/react-power-table/@types,C:/_Git/react-power-table/node_modules/@types'. ========
Resolving with primary search path 'C:/_Git/react-power-table/@types, C:/_Git/react-power-table/node_modules/@types'
Found 'package.json' at 'C:/_Git/react-power-table/node_modules/@types/bootstrap/package.json'.
'package.json' has 'typings' field 'index.d.ts' that references 'C:/_Git/react-power-table/node_modules/@types/bootstrap/index.d.ts'.
File 'C:/_Git/react-power-table/node_modules/@types/bootstrap/index.d.ts' exist - use it as a name resolution result.
Resolving real path for 'C:/_Git/react-power-table/node_modules/@types/bootstrap/index.d.ts', result 'C:/_Git/react-power-table/node_modules/@types/bootstrap/index.d.ts'
======== Type reference directive 'bootstrap' was successfully resolved to 'C:/_Git/react-power-table/node_modules/@types/bootstrap/index.d.ts', primary: true. ========
======== Resolving type reference directive 'bootstrap-select', containing file 'C:/_Git/react-power-table/examples/__inferred type names__.ts', root directory 'C:/_Git/react-power-table/@types,C:/_Git/react-power-table/node_modules/@types'. ========
Resolving with primary search path 'C:/_Git/react-power-table/@types, C:/_Git/react-power-table/node_modules/@types'
Found 'package.json' at 'C:/_Git/react-power-table/node_modules/@types/bootstrap-select/package.json'.
'package.json' has 'typings' field 'index.d.ts' that references 'C:/_Git/react-power-table/node_modules/@types/bootstrap-select/index.d.ts'.
File 'C:/_Git/react-power-table/node_modules/@types/bootstrap-select/index.d.ts' exist - use it as a name resolution result.
Resolving real path for 'C:/_Git/react-power-table/node_modules/@types/bootstrap-select/index.d.ts', result 'C:/_Git/react-power-table/node_modules/@types/bootstrap-select/index.d.ts'
======== Type reference directive 'bootstrap-select' was successfully resolved to 'C:/_Git/react-power-table/node_modules/@types/bootstrap-select/index.d.ts', primary: true. ========
======== Resolving type reference directive 'classnames', containing file 'C:/_Git/react-power-table/examples/__inferred type names__.ts', root directory 'C:/_Git/react-power-table/@types,C:/_Git/react-power-table/node_modules/@types'. ========
Resolving with primary search path 'C:/_Git/react-power-table/@types, C:/_Git/react-power-table/node_modules/@types'
Found 'package.json' at 'C:/_Git/react-power-table/node_modules/@types/classnames/package.json'.
'package.json' has 'typings' field 'index.d.ts' that references 'C:/_Git/react-power-table/node_modules/@types/classnames/index.d.ts'.
File 'C:/_Git/react-power-table/node_modules/@types/classnames/index.d.ts' exist - use it as a name resolution result.
Resolving real path for 'C:/_Git/react-power-table/node_modules/@types/classnames/index.d.ts', result 'C:/_Git/react-power-table/node_modules/@types/classnames/index.d.ts'
======== Type reference directive 'classnames' was successfully resolved to 'C:/_Git/react-power-table/node_modules/@types/classnames/index.d.ts', primary: true. ========
======== Resolving type reference directive 'history', containing file 'C:/_Git/react-power-table/examples/__inferred type names__.ts', root directory 'C:/_Git/react-power-table/@types,C:/_Git/react-power-table/node_modules/@types'. ========
Resolving with primary search path 'C:/_Git/react-power-table/@types, C:/_Git/react-power-table/node_modules/@types'
Found 'package.json' at 'C:/_Git/react-power-table/node_modules/@types/history/package.json'.
'package.json' does not have a 'typings' field.
'package.json' does not have a 'types' field.
File 'C:/_Git/react-power-table/node_modules/@types/history/index.d.ts' exist - use it as a name resolution result.
Resolving real path for 'C:/_Git/react-power-table/node_modules/@types/history/index.d.ts', result 'C:/_Git/react-power-table/node_modules/@types/history/index.d.ts'
======== Type reference directive 'history' was successfully resolved to 'C:/_Git/react-power-table/node_modules/@types/history/index.d.ts', primary: true. ========
======== Resolving type reference directive 'jest', containing file 'C:/_Git/react-power-table/examples/__inferred type names__.ts', root directory 'C:/_Git/react-power-table/@types,C:/_Git/react-power-table/node_modules/@types'. ========
Resolving with primary search path 'C:/_Git/react-power-table/@types, C:/_Git/react-power-table/node_modules/@types'
Found 'package.json' at 'C:/_Git/react-power-table/node_modules/@types/jest/package.json'.
'package.json' does not have a 'typings' field.
'package.json' does not have a 'types' field.
File 'C:/_Git/react-power-table/node_modules/@types/jest/index.d.ts' exist - use it as a name resolution result.
Resolving real path for 'C:/_Git/react-power-table/node_modules/@types/jest/index.d.ts', result 'C:/_Git/react-power-table/node_modules/@types/jest/index.d.ts'
======== Type reference directive 'jest' was successfully resolved to 'C:/_Git/react-power-table/node_modules/@types/jest/index.d.ts', primary: true. ========
======== Resolving type reference directive 'jquery', containing file 'C:/_Git/react-power-table/examples/__inferred type names__.ts', root directory 'C:/_Git/react-power-table/@types,C:/_Git/react-power-table/node_modules/@types'. ========
Resolving with primary search path 'C:/_Git/react-power-table/@types, C:/_Git/react-power-table/node_modules/@types'
Found 'package.json' at 'C:/_Git/react-power-table/node_modules/@types/jquery/package.json'.
'package.json' does not have a 'typings' field.
'package.json' does not have a 'types' field.
File 'C:/_Git/react-power-table/node_modules/@types/jquery/index.d.ts' exist - use it as a name resolution result.
Resolving real path for 'C:/_Git/react-power-table/node_modules/@types/jquery/index.d.ts', result 'C:/_Git/react-power-table/node_modules/@types/jquery/index.d.ts'
======== Type reference directive 'jquery' was successfully resolved to 'C:/_Git/react-power-table/node_modules/@types/jquery/index.d.ts', primary: true. ========
======== Resolving type reference directive 'jqueryui', containing file 'C:/_Git/react-power-table/examples/__inferred type names__.ts', root directory 'C:/_Git/react-power-table/@types,C:/_Git/react-power-table/node_modules/@types'. ========
Resolving with primary search path 'C:/_Git/react-power-table/@types, C:/_Git/react-power-table/node_modules/@types'
Found 'package.json' at 'C:/_Git/react-power-table/node_modules/@types/jqueryui/package.json'.
'package.json' does not have a 'typings' field.
'package.json' does not have a 'types' field.
File 'C:/_Git/react-power-table/node_modules/@types/jqueryui/index.d.ts' exist - use it as a name resolution result.
Resolving real path for 'C:/_Git/react-power-table/node_modules/@types/jqueryui/index.d.ts', result 'C:/_Git/react-power-table/node_modules/@types/jqueryui/index.d.ts'
======== Type reference directive 'jqueryui' was successfully resolved to 'C:/_Git/react-power-table/node_modules/@types/jqueryui/index.d.ts', primary: true. ========
======== Resolving type reference directive 'knockout', containing file 'C:/_Git/react-power-table/examples/__inferred type names__.ts', root directory 'C:/_Git/react-power-table/@types,C:/_Git/react-power-table/node_modules/@types'. ========
Resolving with primary search path 'C:/_Git/react-power-table/@types, C:/_Git/react-power-table/node_modules/@types'
Found 'package.json' at 'C:/_Git/react-power-table/node_modules/@types/knockout/package.json'.
'package.json' does not have a 'typings' field.
'package.json' does not have a 'types' field.
File 'C:/_Git/react-power-table/node_modules/@types/knockout/index.d.ts' exist - use it as a name resolution result.
Resolving real path for 'C:/_Git/react-power-table/node_modules/@types/knockout/index.d.ts', result 'C:/_Git/react-power-table/node_modules/@types/knockout/index.d.ts'
======== Type reference directive 'knockout' was successfully resolved to 'C:/_Git/react-power-table/node_modules/@types/knockout/index.d.ts', primary: true. ========
======== Resolving type reference directive 'q', containing file 'C:/_Git/react-power-table/examples/__inferred type names__.ts', root directory 'C:/_Git/react-power-table/@types,C:/_Git/react-power-table/node_modules/@types'. ========
Resolving with primary search path 'C:/_Git/react-power-table/@types, C:/_Git/react-power-table/node_modules/@types'
Found 'package.json' at 'C:/_Git/react-power-table/node_modules/@types/q/package.json'.
'package.json' has 'typings' field 'index.d.ts' that references 'C:/_Git/react-power-table/node_modules/@types/q/index.d.ts'.
File 'C:/_Git/react-power-table/node_modules/@types/q/index.d.ts' exist - use it as a name resolution result.
Resolving real path for 'C:/_Git/react-power-table/node_modules/@types/q/index.d.ts', result 'C:/_Git/react-power-table/node_modules/@types/q/index.d.ts'
======== Type reference directive 'q' was successfully resolved to 'C:/_Git/react-power-table/node_modules/@types/q/index.d.ts', primary: true. ========
======== Resolving type reference directive 'qs', containing file 'C:/_Git/react-power-table/examples/__inferred type names__.ts', root directory 'C:/_Git/react-power-table/@types,C:/_Git/react-power-table/node_modules/@types'. ========
Resolving with primary search path 'C:/_Git/react-power-table/@types, C:/_Git/react-power-table/node_modules/@types'
Found 'package.json' at 'C:/_Git/react-power-table/node_modules/@types/qs/package.json'.
'package.json' has 'typings' field 'index.d.ts' that references 'C:/_Git/react-power-table/node_modules/@types/qs/index.d.ts'.
File 'C:/_Git/react-power-table/node_modules/@types/qs/index.d.ts' exist - use it as a name resolution result.
Resolving real path for 'C:/_Git/react-power-table/node_modules/@types/qs/index.d.ts', result 'C:/_Git/react-power-table/node_modules/@types/qs/index.d.ts'
======== Type reference directive 'qs' was successfully resolved to 'C:/_Git/react-power-table/node_modules/@types/qs/index.d.ts', primary: true. ========
======== Resolving type reference directive 'react', containing file 'C:/_Git/react-power-table/examples/__inferred type names__.ts', root directory 'C:/_Git/react-power-table/@types,C:/_Git/react-power-table/node_modules/@types'. ========
Resolving with primary search path 'C:/_Git/react-power-table/@types, C:/_Git/react-power-table/node_modules/@types'
Found 'package.json' at 'C:/_Git/react-power-table/node_modules/@types/react/package.json'.
'package.json' does not have a 'typings' field.
'package.json' does not have a 'types' field.
File 'C:/_Git/react-power-table/node_modules/@types/react/index.d.ts' exist - use it as a name resolution result.
Resolving real path for 'C:/_Git/react-power-table/node_modules/@types/react/index.d.ts', result 'C:/_Git/react-power-table/node_modules/@types/react/index.d.ts'
======== Type reference directive 'react' was successfully resolved to 'C:/_Git/react-power-table/node_modules/@types/react/index.d.ts', primary: true. ========
======== Resolving type reference directive 'react-bootstrap', containing file 'C:/_Git/react-power-table/examples/__inferred type names__.ts', root directory 'C:/_Git/react-power-table/@types,C:/_Git/react-power-table/node_modules/@types'. ========
Resolving with primary search path 'C:/_Git/react-power-table/@types, C:/_Git/react-power-table/node_modules/@types'
Found 'package.json' at 'C:/_Git/react-power-table/node_modules/@types/react-bootstrap/package.json'.
'package.json' does not have a 'typings' field.
'package.json' does not have a 'types' field.
File 'C:/_Git/react-power-table/node_modules/@types/react-bootstrap/index.d.ts' exist - use it as a name resolution result.
Resolving real path for 'C:/_Git/react-power-table/node_modules/@types/react-bootstrap/index.d.ts', result 'C:/_Git/react-power-table/node_modules/@types/react-bootstrap/index.d.ts'
======== Type reference directive 'react-bootstrap' was successfully resolved to 'C:/_Git/react-power-table/node_modules/@types/react-bootstrap/index.d.ts', primary: true. ========
======== Resolving type reference directive 'react-bootstrap-date-picker', containing file 'C:/_Git/react-power-table/examples/__inferred type names__.ts', root directory 'C:/_Git/react-power-table/@types,C:/_Git/react-power-table/node_modules/@types'. ========
Resolving with primary search path 'C:/_Git/react-power-table/@types, C:/_Git/react-power-table/node_modules/@types'
Found 'package.json' at 'C:/_Git/react-power-table/node_modules/@types/react-bootstrap-date-picker/package.json'.
'package.json' does not have a 'typings' field.
'package.json' does not have a 'types' field.
File 'C:/_Git/react-power-table/node_modules/@types/react-bootstrap-date-picker/index.d.ts' exist - use it as a name resolution result.
Resolving real path for 'C:/_Git/react-power-table/node_modules/@types/react-bootstrap-date-picker/index.d.ts', result 'C:/_Git/react-power-table/node_modules/@types/react-bootstrap-date-picker/index.d.ts'
======== Type reference directive 'react-bootstrap-date-picker' was successfully resolved to 'C:/_Git/react-power-table/node_modules/@types/react-bootstrap-date-picker/index.d.ts', primary: true. ========
======== Resolving type reference directive 'react-dom', containing file 'C:/_Git/react-power-table/examples/__inferred type names__.ts', root directory 'C:/_Git/react-power-table/@types,C:/_Git/react-power-table/node_modules/@types'. ========
Resolving with primary search path 'C:/_Git/react-power-table/@types, C:/_Git/react-power-table/node_modules/@types'
Found 'package.json' at 'C:/_Git/react-power-table/node_modules/@types/react-dom/package.json'.
'package.json' does not have a 'typings' field.
'package.json' does not have a 'types' field.
File 'C:/_Git/react-power-table/node_modules/@types/react-dom/index.d.ts' exist - use it as a name resolution result.
Resolving real path for 'C:/_Git/react-power-table/node_modules/@types/react-dom/index.d.ts', result 'C:/_Git/react-power-table/node_modules/@types/react-dom/index.d.ts'
======== Type reference directive 'react-dom' was successfully resolved to 'C:/_Git/react-power-table/node_modules/@types/react-dom/index.d.ts', primary: true. ========
======== Resolving type reference directive 'react-router', containing file 'C:/_Git/react-power-table/examples/__inferred type names__.ts', root directory 'C:/_Git/react-power-table/@types,C:/_Git/react-power-table/node_modules/@types'. ========
Resolving with primary search path 'C:/_Git/react-power-table/@types, C:/_Git/react-power-table/node_modules/@types'
Found 'package.json' at 'C:/_Git/react-power-table/node_modules/@types/react-router/package.json'.
'package.json' does not have a 'typings' field.
'package.json' does not have a 'types' field.
File 'C:/_Git/react-power-table/node_modules/@types/react-router/index.d.ts' exist - use it as a name resolution result.
Resolving real path for 'C:/_Git/react-power-table/node_modules/@types/react-router/index.d.ts', result 'C:/_Git/react-power-table/node_modules/@types/react-router/index.d.ts'
======== Type reference directive 'react-router' was successfully resolved to 'C:/_Git/react-power-table/node_modules/@types/react-router/index.d.ts', primary: true. ========
======== Resolving type reference directive 'react-select', containing file 'C:/_Git/react-power-table/examples/__inferred type names__.ts', root directory 'C:/_Git/react-power-table/@types,C:/_Git/react-power-table/node_modules/@types'. ========
Resolving with primary search path 'C:/_Git/react-power-table/@types, C:/_Git/react-power-table/node_modules/@types'
Found 'package.json' at 'C:/_Git/react-power-table/node_modules/@types/react-select/package.json'.
'package.json' does not have a 'typings' field.
'package.json' does not have a 'types' field.
File 'C:/_Git/react-power-table/node_modules/@types/react-select/index.d.ts' exist - use it as a name resolution result.
Resolving real path for 'C:/_Git/react-power-table/node_modules/@types/react-select/index.d.ts', result 'C:/_Git/react-power-table/node_modules/@types/react-select/index.d.ts'
======== Type reference directive 'react-select' was successfully resolved to 'C:/_Git/react-power-table/node_modules/@types/react-select/index.d.ts', primary: true. ========
======== Resolving module 'react' from 'C:/_Git/react-power-table/@types/react-power-table/index.d.ts'. ========
Explicitly specified module resolution kind: 'NodeJs'.
Loading module 'react' from 'node_modules' folder, target file type 'TypeScript'.
Directory 'C:/_Git/react-power-table/@types/react-power-table/node_modules' does not exist, skipping all lookups in it.
Directory 'C:/_Git/react-power-table/@types/node_modules' does not exist, skipping all lookups in it.
Resolution for module 'react' was found in cache.
Resolving real path for 'C:/_Git/react-power-table/node_modules/@types/react/index.d.ts', result 'C:/_Git/react-power-table/node_modules/@types/react/index.d.ts'
======== Module name 'react' was successfully resolved to 'C:/_Git/react-power-table/node_modules/@types/react/index.d.ts'. ========
======== Resolving type reference directive 'jquery', containing file 'C:/_Git/react-power-table/node_modules/@types/bootstrap/index.d.ts', root directory 'C:/_Git/react-power-table/@types,C:/_Git/react-power-table/node_modules/@types'. ========
Resolving with primary search path 'C:/_Git/react-power-table/@types, C:/_Git/react-power-table/node_modules/@types'
Found 'package.json' at 'C:/_Git/react-power-table/node_modules/@types/jquery/package.json'.
'package.json' does not have a 'typings' field.
'package.json' does not have a 'types' field.
File 'C:/_Git/react-power-table/node_modules/@types/jquery/index.d.ts' exist - use it as a name resolution result.
Resolving real path for 'C:/_Git/react-power-table/node_modules/@types/jquery/index.d.ts', result 'C:/_Git/react-power-table/node_modules/@types/jquery/index.d.ts'
======== Type reference directive 'jquery' was successfully resolved to 'C:/_Git/react-power-table/node_modules/@types/jquery/index.d.ts', primary: true. ========
======== Resolving type reference directive 'jquery', containing file 'C:/_Git/react-power-table/node_modules/@types/bootstrap-select/index.d.ts', root directory 'C:/_Git/react-power-table/@types,C:/_Git/react-power-table/node_modules/@types'. ========
Resolving with primary search path 'C:/_Git/react-power-table/@types, C:/_Git/react-power-table/node_modules/@types'
Found 'package.json' at 'C:/_Git/react-power-table/node_modules/@types/jquery/package.json'.
'package.json' does not have a 'typings' field.
'package.json' does not have a 'types' field.
File 'C:/_Git/react-power-table/node_modules/@types/jquery/index.d.ts' exist - use it as a name resolution result.
Resolving real path for 'C:/_Git/react-power-table/node_modules/@types/jquery/index.d.ts', result 'C:/_Git/react-power-table/node_modules/@types/jquery/index.d.ts'
======== Type reference directive 'jquery' was successfully resolved to 'C:/_Git/react-power-table/node_modules/@types/jquery/index.d.ts', primary: true. ========
======== Resolving module 'history/lib/createBrowserHistory' from 'C:/_Git/react-power-table/node_modules/@types/history/index.d.ts'. ========
Explicitly specified module resolution kind: 'NodeJs'.
Loading module 'history/lib/createBrowserHistory' from 'node_modules' folder, target file type 'TypeScript'.
Directory 'C:/_Git/react-power-table/node_modules/@types/history/node_modules' does not exist, skipping all lookups in it.
Directory 'C:/_Git/react-power-table/node_modules/@types/node_modules' does not exist, skipping all lookups in it.
File 'C:/_Git/react-power-table/node_modules/history/lib/createBrowserHistory.ts' does not exist.
File 'C:/_Git/react-power-table/node_modules/history/lib/createBrowserHistory.tsx' does not exist.
File 'C:/_Git/react-power-table/node_modules/history/lib/createBrowserHistory.d.ts' does not exist.
File 'C:/_Git/react-power-table/node_modules/@types/history/lib/createBrowserHistory.d.ts' exist - use it as a name resolution result.
Resolving real path for 'C:/_Git/react-power-table/node_modules/@types/history/lib/createBrowserHistory.d.ts', result 'C:/_Git/react-power-table/node_modules/@types/history/lib/createBrowserHistory.d.ts'
======== Module name 'history/lib/createBrowserHistory' was successfully resolved to 'C:/_Git/react-power-table/node_modules/@types/history/lib/createBrowserHistory.d.ts'. ========
======== Resolving module 'history/lib/createHashHistory' from 'C:/_Git/react-power-table/node_modules/@types/history/index.d.ts'. ========
Explicitly specified module resolution kind: 'NodeJs'.
Loading module 'history/lib/createHashHistory' from 'node_modules' folder, target file type 'TypeScript'.
Directory 'C:/_Git/react-power-table/node_modules/@types/history/node_modules' does not exist, skipping all lookups in it.
Directory 'C:/_Git/react-power-table/node_modules/@types/node_modules' does not exist, skipping all lookups in it.
File 'C:/_Git/react-power-table/node_modules/history/lib/createHashHistory.ts' does not exist.
File 'C:/_Git/react-power-table/node_modules/history/lib/createHashHistory.tsx' does not exist.
File 'C:/_Git/react-power-table/node_modules/history/lib/createHashHistory.d.ts' does not exist.
File 'C:/_Git/react-power-table/node_modules/@types/history/lib/createHashHistory.d.ts' exist - use it as a name resolution result.
Resolving real path for 'C:/_Git/react-power-table/node_modules/@types/history/lib/createHashHistory.d.ts', result 'C:/_Git/react-power-table/node_modules/@types/history/lib/createHashHistory.d.ts'
======== Module name 'history/lib/createHashHistory' was successfully resolved to 'C:/_Git/react-power-table/node_modules/@types/history/lib/createHashHistory.d.ts'. ========
======== Resolving module 'history/lib/createMemoryHistory' from 'C:/_Git/react-power-table/node_modules/@types/history/index.d.ts'. ========
Explicitly specified module resolution kind: 'NodeJs'.
Loading module 'history/lib/createMemoryHistory' from 'node_modules' folder, target file type 'TypeScript'.
Directory 'C:/_Git/react-power-table/node_modules/@types/history/node_modules' does not exist, skipping all lookups in it.
Directory 'C:/_Git/react-power-table/node_modules/@types/node_modules' does not exist, skipping all lookups in it.
File 'C:/_Git/react-power-table/node_modules/history/lib/createMemoryHistory.ts' does not exist.
File 'C:/_Git/react-power-table/node_modules/history/lib/createMemoryHistory.tsx' does not exist.
File 'C:/_Git/react-power-table/node_modules/history/lib/createMemoryHistory.d.ts' does not exist.
File 'C:/_Git/react-power-table/node_modules/@types/history/lib/createMemoryHistory.d.ts' exist - use it as a name resolution result.
Resolving real path for 'C:/_Git/react-power-table/node_modules/@types/history/lib/createMemoryHistory.d.ts', result 'C:/_Git/react-power-table/node_modules/@types/history/lib/createMemoryHistory.d.ts'
======== Module name 'history/lib/createMemoryHistory' was successfully resolved to 'C:/_Git/react-power-table/node_modules/@types/history/lib/createMemoryHistory.d.ts'. ========
======== Resolving module 'history/lib/useBasename' from 'C:/_Git/react-power-table/node_modules/@types/history/index.d.ts'. ========
Explicitly specified module resolution kind: 'NodeJs'.
Loading module 'history/lib/useBasename' from 'node_modules' folder, target file type 'TypeScript'.
Directory 'C:/_Git/react-power-table/node_modules/@types/history/node_modules' does not exist, skipping all lookups in it.
Directory 'C:/_Git/react-power-table/node_modules/@types/node_modules' does not exist, skipping all lookups in it.
File 'C:/_Git/react-power-table/node_modules/history/lib/useBasename.ts' does not exist.
File 'C:/_Git/react-power-table/node_modules/history/lib/useBasename.tsx' does not exist.
File 'C:/_Git/react-power-table/node_modules/history/lib/useBasename.d.ts' does not exist.
File 'C:/_Git/react-power-table/node_modules/@types/history/lib/useBasename.d.ts' exist - use it as a name resolution result.
Resolving real path for 'C:/_Git/react-power-table/node_modules/@types/history/lib/useBasename.d.ts', result 'C:/_Git/react-power-table/node_modules/@types/history/lib/useBasename.d.ts'
======== Module name 'history/lib/useBasename' was successfully resolved to 'C:/_Git/react-power-table/node_modules/@types/history/lib/useBasename.d.ts'. ========
======== Resolving module 'history/lib/useBeforeUnload' from 'C:/_Git/react-power-table/node_modules/@types/history/index.d.ts'. ========
Explicitly specified module resolution kind: 'NodeJs'.
Loading module 'history/lib/useBeforeUnload' from 'node_modules' folder, target file type 'TypeScript'.
Directory 'C:/_Git/react-power-table/node_modules/@types/history/node_modules' does not exist, skipping all lookups in it.
Directory 'C:/_Git/react-power-table/node_modules/@types/node_modules' does not exist, skipping all lookups in it.
File 'C:/_Git/react-power-table/node_modules/history/lib/useBeforeUnload.ts' does not exist.
File 'C:/_Git/react-power-table/node_modules/history/lib/useBeforeUnload.tsx' does not exist.
File 'C:/_Git/react-power-table/node_modules/history/lib/useBeforeUnload.d.ts' does not exist.
File 'C:/_Git/react-power-table/node_modules/@types/history/lib/useBeforeUnload.d.ts' exist - use it as a name resolution result.
Resolving real path for 'C:/_Git/react-power-table/node_modules/@types/history/lib/useBeforeUnload.d.ts', result 'C:/_Git/react-power-table/node_modules/@types/history/lib/useBeforeUnload.d.ts'
======== Module name 'history/lib/useBeforeUnload' was successfully resolved to 'C:/_Git/react-power-table/node_modules/@types/history/lib/useBeforeUnload.d.ts'. ========
======== Resolving module 'history/lib/useQueries' from 'C:/_Git/react-power-table/node_modules/@types/history/index.d.ts'. ========
Explicitly specified module resolution kind: 'NodeJs'.
Loading module 'history/lib/useQueries' from 'node_modules' folder, target file type 'TypeScript'.
Directory 'C:/_Git/react-power-table/node_modules/@types/history/node_modules' does not exist, skipping all lookups in it.
Directory 'C:/_Git/react-power-table/node_modules/@types/node_modules' does not exist, skipping all lookups in it.
File 'C:/_Git/react-power-table/node_modules/history/lib/useQueries.ts' does not exist.
File 'C:/_Git/react-power-table/node_modules/history/lib/useQueries.tsx' does not exist.
File 'C:/_Git/react-power-table/node_modules/history/lib/useQueries.d.ts' does not exist.
File 'C:/_Git/react-power-table/node_modules/@types/history/lib/useQueries.d.ts' exist - use it as a name resolution result.
Resolving real path for 'C:/_Git/react-power-table/node_modules/@types/history/lib/useQueries.d.ts', result 'C:/_Git/react-power-table/node_modules/@types/history/lib/useQueries.d.ts'
======== Module name 'history/lib/useQueries' was successfully resolved to 'C:/_Git/react-power-table/node_modules/@types/history/lib/useQueries.d.ts'. ========
======== Resolving module 'history/lib/actions' from 'C:/_Git/react-power-table/node_modules/@types/history/index.d.ts'. ========
Explicitly specified module resolution kind: 'NodeJs'.
Loading module 'history/lib/actions' from 'node_modules' folder, target file type 'TypeScript'.
Directory 'C:/_Git/react-power-table/node_modules/@types/history/node_modules' does not exist, skipping all lookups in it.
Directory 'C:/_Git/react-power-table/node_modules/@types/node_modules' does not exist, skipping all lookups in it.
File 'C:/_Git/react-power-table/node_modules/history/lib/actions.ts' does not exist.
File 'C:/_Git/react-power-table/node_modules/history/lib/actions.tsx' does not exist.
File 'C:/_Git/react-power-table/node_modules/history/lib/actions.d.ts' does not exist.
File 'C:/_Git/react-power-table/node_modules/@types/history/lib/actions.d.ts' exist - use it as a name resolution result.
Resolving real path for 'C:/_Git/react-power-table/node_modules/@types/history/lib/actions.d.ts', result 'C:/_Git/react-power-table/node_modules/@types/history/lib/actions.d.ts'
======== Module name 'history/lib/actions' was successfully resolved to 'C:/_Git/react-power-table/node_modules/@types/history/lib/actions.d.ts'. ========
======== Resolving module 'history/lib/LocationUtils' from 'C:/_Git/react-power-table/node_modules/@types/history/index.d.ts'. ========
Explicitly specified module resolution kind: 'NodeJs'.
Loading module 'history/lib/LocationUtils' from 'node_modules' folder, target file type 'TypeScript'.
Directory 'C:/_Git/react-power-table/node_modules/@types/history/node_modules' does not exist, skipping all lookups in it.
Directory 'C:/_Git/react-power-table/node_modules/@types/node_modules' does not exist, skipping all lookups in it.
File 'C:/_Git/react-power-table/node_modules/history/lib/LocationUtils.ts' does not exist.
File 'C:/_Git/react-power-table/node_modules/history/lib/LocationUtils.tsx' does not exist.
File 'C:/_Git/react-power-table/node_modules/history/lib/LocationUtils.d.ts' does not exist.
File 'C:/_Git/react-power-table/node_modules/@types/history/lib/LocationUtils.d.ts' exist - use it as a name resolution result.
Resolving real path for 'C:/_Git/react-power-table/node_modules/@types/history/lib/LocationUtils.d.ts', result 'C:/_Git/react-power-table/node_modules/@types/history/lib/LocationUtils.d.ts'
======== Module name 'history/lib/LocationUtils' was successfully resolved to 'C:/_Git/react-power-table/node_modules/@types/history/lib/LocationUtils.d.ts'. ========
======== Resolving module 'history' from 'C:/_Git/react-power-table/node_modules/@types/history/lib/createBrowserHistory.d.ts'. ========
Explicitly specified module resolution kind: 'NodeJs'.
Loading module 'history' from 'node_modules' folder, target file type 'TypeScript'.
Directory 'C:/_Git/react-power-table/node_modules/@types/history/lib/node_modules' does not exist, skipping all lookups in it.
Directory 'C:/_Git/react-power-table/node_modules/@types/history/node_modules' does not exist, skipping all lookups in it.
Directory 'C:/_Git/react-power-table/node_modules/@types/node_modules' does not exist, skipping all lookups in it.
File 'C:/_Git/react-power-table/node_modules/history.ts' does not exist.
File 'C:/_Git/react-power-table/node_modules/history.tsx' does not exist.
File 'C:/_Git/react-power-table/node_modules/history.d.ts' does not exist.
Found 'package.json' at 'C:/_Git/react-power-table/node_modules/history/package.json'.
'package.json' does not have a 'typings' field.
'package.json' does not have a 'types' field.
File 'C:/_Git/react-power-table/node_modules/history/index.ts' does not exist.
File 'C:/_Git/react-power-table/node_modules/history/index.tsx' does not exist.
File 'C:/_Git/react-power-table/node_modules/history/index.d.ts' does not exist.
File 'C:/_Git/react-power-table/node_modules/@types/history.d.ts' does not exist.
Found 'package.json' at 'C:/_Git/react-power-table/node_modules/@types/history/package.json'.
'package.json' does not have a 'typings' field.
'package.json' does not have a 'types' field.
File 'C:/_Git/react-power-table/node_modules/@types/history/index.d.ts' exist - use it as a name resolution result.
Resolving real path for 'C:/_Git/react-power-table/node_modules/@types/history/index.d.ts', result 'C:/_Git/react-power-table/node_modules/@types/history/index.d.ts'
======== Module name 'history' was successfully resolved to 'C:/_Git/react-power-table/node_modules/@types/history/index.d.ts'. ========
======== Resolving module 'history' from 'C:/_Git/react-power-table/node_modules/@types/history/lib/createHashHistory.d.ts'. ========
Resolution for module 'history' was found in cache.
======== Module name 'history' was successfully resolved to 'C:/_Git/react-power-table/node_modules/@types/history/index.d.ts'. ========
======== Resolving module 'history' from 'C:/_Git/react-power-table/node_modules/@types/history/lib/createMemoryHistory.d.ts'. ========
Resolution for module 'history' was found in cache.
======== Module name 'history' was successfully resolved to 'C:/_Git/react-power-table/node_modules/@types/history/index.d.ts'. ========
======== Resolving module 'history' from 'C:/_Git/react-power-table/node_modules/@types/history/lib/useBasename.d.ts'. ========
Resolution for module 'history' was found in cache.
======== Module name 'history' was successfully resolved to 'C:/_Git/react-power-table/node_modules/@types/history/index.d.ts'. ========
======== Resolving module 'history' from 'C:/_Git/react-power-table/node_modules/@types/history/lib/useBeforeUnload.d.ts'. ========
Resolution for module 'history' was found in cache.
======== Module name 'history' was successfully resolved to 'C:/_Git/react-power-table/node_modules/@types/history/index.d.ts'. ========
======== Resolving module 'history' from 'C:/_Git/react-power-table/node_modules/@types/history/lib/useQueries.d.ts'. ========
Resolution for module 'history' was found in cache.
======== Module name 'history' was successfully resolved to 'C:/_Git/react-power-table/node_modules/@types/history/index.d.ts'. ========
======== Resolving module 'history' from 'C:/_Git/react-power-table/node_modules/@types/history/lib/LocationUtils.d.ts'. ========
Resolution for module 'history' was found in cache.
======== Module name 'history' was successfully resolved to 'C:/_Git/react-power-table/node_modules/@types/history/index.d.ts'. ========
======== Resolving type reference directive 'jquery', containing file 'C:/_Git/react-power-table/node_modules/@types/jqueryui/index.d.ts', root directory 'C:/_Git/react-power-table/@types,C:/_Git/react-power-table/node_modules/@types'. ========
Resolving with primary search path 'C:/_Git/react-power-table/@types, C:/_Git/react-power-table/node_modules/@types'
Found 'package.json' at 'C:/_Git/react-power-table/node_modules/@types/jquery/package.json'.
'package.json' does not have a 'typings' field.
'package.json' does not have a 'types' field.
File 'C:/_Git/react-power-table/node_modules/@types/jquery/index.d.ts' exist - use it as a name resolution result.
Resolving real path for 'C:/_Git/react-power-table/node_modules/@types/jquery/index.d.ts', result 'C:/_Git/react-power-table/node_modules/@types/jquery/index.d.ts'
======== Type reference directive 'jquery' was successfully resolved to 'C:/_Git/react-power-table/node_modules/@types/jquery/index.d.ts', primary: true. ========
======== Resolving module 'react' from 'C:/_Git/react-power-table/node_modules/@types/react-bootstrap/index.d.ts'. ========
Resolution for module 'react' was found in cache.
======== Module name 'react' was successfully resolved to 'C:/_Git/react-power-table/node_modules/@types/react/index.d.ts'. ========
======== Resolving module 'react' from 'C:/_Git/react-power-table/node_modules/@types/react-bootstrap-date-picker/index.d.ts'. ========
Explicitly specified module resolution kind: 'NodeJs'.
Loading module 'react' from 'node_modules' folder, target file type 'TypeScript'.
Directory 'C:/_Git/react-power-table/node_modules/@types/react-bootstrap-date-picker/node_modules' does not exist, skipping all lookups in it.
Resolution for module 'react' was found in cache.
Resolving real path for 'C:/_Git/react-power-table/node_modules/@types/react/index.d.ts', result 'C:/_Git/react-power-table/node_modules/@types/react/index.d.ts'
======== Module name 'react' was successfully resolved to 'C:/_Git/react-power-table/node_modules/@types/react/index.d.ts'. ========
======== Resolving module 'react' from 'C:/_Git/react-power-table/node_modules/@types/react-dom/index.d.ts'. ========
Resolution for module 'react' was found in cache.
======== Module name 'react' was successfully resolved to 'C:/_Git/react-power-table/node_modules/@types/react/index.d.ts'. ========
======== Resolving module 'react-router/lib/Router' from 'C:/_Git/react-power-table/node_modules/@types/react-router/index.d.ts'. ========
Explicitly specified module resolution kind: 'NodeJs'.
Loading module 'react-router/lib/Router' from 'node_modules' folder, target file type 'TypeScript'.
Directory 'C:/_Git/react-power-table/node_modules/@types/react-router/node_modules' does not exist, skipping all lookups in it.
Directory 'C:/_Git/react-power-table/node_modules/@types/node_modules' does not exist, skipping all lookups in it.
File 'C:/_Git/react-power-table/node_modules/react-router/lib/Router.ts' does not exist.
File 'C:/_Git/react-power-table/node_modules/react-router/lib/Router.tsx' does not exist.
File 'C:/_Git/react-power-table/node_modules/react-router/lib/Router.d.ts' does not exist.
File 'C:/_Git/react-power-table/node_modules/@types/react-router/lib/Router.d.ts' exist - use it as a name resolution result.
Resolving real path for 'C:/_Git/react-power-table/node_modules/@types/react-router/lib/Router.d.ts', result 'C:/_Git/react-power-table/node_modules/@types/react-router/lib/Router.d.ts'
======== Module name 'react-router/lib/Router' was successfully resolved to 'C:/_Git/react-power-table/node_modules/@types/react-router/lib/Router.d.ts'. ========
======== Resolving module 'react-router/lib/Link' from 'C:/_Git/react-power-table/node_modules/@types/react-router/index.d.ts'. ========
Explicitly specified module resolution kind: 'NodeJs'.
Loading module 'react-router/lib/Link' from 'node_modules' folder, target file type 'TypeScript'.
Directory 'C:/_Git/react-power-table/node_modules/@types/react-router/node_modules' does not exist, skipping all lookups in it.
Directory 'C:/_Git/react-power-table/node_modules/@types/node_modules' does not exist, skipping all lookups in it.
File 'C:/_Git/react-power-table/node_modules/react-router/lib/Link.ts' does not exist.
File 'C:/_Git/react-power-table/node_modules/react-router/lib/Link.tsx' does not exist.
File 'C:/_Git/react-power-table/node_modules/react-router/lib/Link.d.ts' does not exist.
File 'C:/_Git/react-power-table/node_modules/@types/react-router/lib/Link.d.ts' exist - use it as a name resolution result.
Resolving real path for 'C:/_Git/react-power-table/node_modules/@types/react-router/lib/Link.d.ts', result 'C:/_Git/react-power-table/node_modules/@types/react-router/lib/Link.d.ts'
======== Module name 'react-router/lib/Link' was successfully resolved to 'C:/_Git/react-power-table/node_modules/@types/react-router/lib/Link.d.ts'. ========
======== Resolving module 'react-router/lib/IndexLink' from 'C:/_Git/react-power-table/node_modules/@types/react-router/index.d.ts'. ========
Explicitly specified module resolution kind: 'NodeJs'.
Loading module 'react-router/lib/IndexLink' from 'node_modules' folder, target file type 'TypeScript'.
Directory 'C:/_Git/react-power-table/node_modules/@types/react-router/node_modules' does not exist, skipping all lookups in it.
Directory 'C:/_Git/react-power-table/node_modules/@types/node_modules' does not exist, skipping all lookups in it.
File 'C:/_Git/react-power-table/node_modules/react-router/lib/IndexLink.ts' does not exist.
File 'C:/_Git/react-power-table/node_modules/react-router/lib/IndexLink.tsx' does not exist.
File 'C:/_Git/react-power-table/node_modules/react-router/lib/IndexLink.d.ts' does not exist.
File 'C:/_Git/react-power-table/node_modules/@types/react-router/lib/IndexLink.d.ts' exist - use it as a name resolution result.
Resolving real path for 'C:/_Git/react-power-table/node_modules/@types/react-router/lib/IndexLink.d.ts', result 'C:/_Git/react-power-table/node_modules/@types/react-router/lib/IndexLink.d.ts'
======== Module name 'react-router/lib/IndexLink' was successfully resolved to 'C:/_Git/react-power-table/node_modules/@types/react-router/lib/IndexLink.d.ts'. ========
======== Resolving module 'react-router/lib/Route' from 'C:/_Git/react-power-table/node_modules/@types/react-router/index.d.ts'. ========
Explicitly specified module resolution kind: 'NodeJs'.
Loading module 'react-router/lib/Route' from 'node_modules' folder, target file type 'TypeScript'.
Directory 'C:/_Git/react-power-table/node_modules/@types/react-router/node_modules' does not exist, skipping all lookups in it.
Directory 'C:/_Git/react-power-table/node_modules/@types/node_modules' does not exist, skipping all lookups in it.
File 'C:/_Git/react-power-table/node_modules/react-router/lib/Route.ts' does not exist.
File 'C:/_Git/react-power-table/node_modules/react-router/lib/Route.tsx' does not exist.
File 'C:/_Git/react-power-table/node_modules/react-router/lib/Route.d.ts' does not exist.
File 'C:/_Git/react-power-table/node_modules/@types/react-router/lib/Route.d.ts' exist - use it as a name resolution result.
Resolving real path for 'C:/_Git/react-power-table/node_modules/@types/react-router/lib/Route.d.ts', result 'C:/_Git/react-power-table/node_modules/@types/react-router/lib/Route.d.ts'
======== Module name 'react-router/lib/Route' was successfully resolved to 'C:/_Git/react-power-table/node_modules/@types/react-router/lib/Route.d.ts'. ========
======== Resolving module 'react-router/lib/IndexRoute' from 'C:/_Git/react-power-table/node_modules/@types/react-router/index.d.ts'. ========
Explicitly specified module resolution kind: 'NodeJs'.
Loading module 'react-router/lib/IndexRoute' from 'node_modules' folder, target file type 'TypeScript'.
Directory 'C:/_Git/react-power-table/node_modules/@types/react-router/node_modules' does not exist, skipping all lookups in it.
Directory 'C:/_Git/react-power-table/node_modules/@types/node_modules' does not exist, skipping all lookups in it.
File 'C:/_Git/react-power-table/node_modules/react-router/lib/IndexRoute.ts' does not exist.
File 'C:/_Git/react-power-table/node_modules/react-router/lib/IndexRoute.tsx' does not exist.
File 'C:/_Git/react-power-table/node_modules/react-router/lib/IndexRoute.d.ts' does not exist.
File 'C:/_Git/react-power-table/node_modules/@types/react-router/lib/IndexRoute.d.ts' exist - use it as a name resolution result.
Resolving real path for 'C:/_Git/react-power-table/node_modules/@types/react-router/lib/IndexRoute.d.ts', result 'C:/_Git/react-power-table/node_modules/@types/react-router/lib/IndexRoute.d.ts'
======== Module name 'react-router/lib/IndexRoute' was successfully resolved to 'C:/_Git/react-power-table/node_modules/@types/react-router/lib/IndexRoute.d.ts'. ========
======== Resolving module 'react-router/lib/Redirect' from 'C:/_Git/react-power-table/node_modules/@types/react-router/index.d.ts'. ========
Explicitly specified module resolution kind: 'NodeJs'.
Loading module 'react-router/lib/Redirect' from 'node_modules' folder, target file type 'TypeScript'.
Directory 'C:/_Git/react-power-table/node_modules/@types/react-router/node_modules' does not exist, skipping all lookups in it.
Directory 'C:/_Git/react-power-table/node_modules/@types/node_modules' does not exist, skipping all lookups in it.
File 'C:/_Git/react-power-table/node_modules/react-router/lib/Redirect.ts' does not exist.
File 'C:/_Git/react-power-table/node_modules/react-router/lib/Redirect.tsx' does not exist.
File 'C:/_Git/react-power-table/node_modules/react-router/lib/Redirect.d.ts' does not exist.
File 'C:/_Git/react-power-table/node_modules/@types/react-router/lib/Redirect.d.ts' exist - use it as a name resolution result.
Resolving real path for 'C:/_Git/react-power-table/node_modules/@types/react-router/lib/Redirect.d.ts', result 'C:/_Git/react-power-table/node_modules/@types/react-router/lib/Redirect.d.ts'
======== Module name 'react-router/lib/Redirect' was successfully resolved to 'C:/_Git/react-power-table/node_modules/@types/react-router/lib/Redirect.d.ts'. ========
======== Resolving module 'react-router/lib/IndexRedirect' from 'C:/_Git/react-power-table/node_modules/@types/react-router/index.d.ts'. ========
Explicitly specified module resolution kind: 'NodeJs'.
Loading module 'react-router/lib/IndexRedirect' from 'node_modules' folder, target file type 'TypeScript'.
Directory 'C:/_Git/react-power-table/node_modules/@types/react-router/node_modules' does not exist, skipping all lookups in it.
Directory 'C:/_Git/react-power-table/node_modules/@types/node_modules' does not exist, skipping all lookups in it.
File 'C:/_Git/react-power-table/node_modules/react-router/lib/IndexRedirect.ts' does not exist.
File 'C:/_Git/react-power-table/node_modules/react-router/lib/IndexRedirect.tsx' does not exist.
File 'C:/_Git/react-power-table/node_modules/react-router/lib/IndexRedirect.d.ts' does not exist.
File 'C:/_Git/react-power-table/node_modules/@types/react-router/lib/IndexRedirect.d.ts' exist - use it as a name resolution result.
Resolving real path for 'C:/_Git/react-power-table/node_modules/@types/react-router/lib/IndexRedirect.d.ts', result 'C:/_Git/react-power-table/node_modules/@types/react-router/lib/IndexRedirect.d.ts'
======== Module name 'react-router/lib/IndexRedirect' was successfully resolved to 'C:/_Git/react-power-table/node_modules/@types/react-router/lib/IndexRedirect.d.ts'. ========
======== Resolving module 'react-router/lib/withRouter' from 'C:/_Git/react-power-table/node_modules/@types/react-router/index.d.ts'. ========
Explicitly specified module resolution kind: 'NodeJs'.
Loading module 'react-router/lib/withRouter' from 'node_modules' folder, target file type 'TypeScript'.
Directory 'C:/_Git/react-power-table/node_modules/@types/react-router/node_modules' does not exist, skipping all lookups in it.
Directory 'C:/_Git/react-power-table/node_modules/@types/node_modules' does not exist, skipping all lookups in it.
File 'C:/_Git/react-power-table/node_modules/react-router/lib/withRouter.ts' does not exist.
File 'C:/_Git/react-power-table/node_modules/react-router/lib/withRouter.tsx' does not exist.
File 'C:/_Git/react-power-table/node_modules/react-router/lib/withRouter.d.ts' does not exist.
File 'C:/_Git/react-power-table/node_modules/@types/react-router/lib/withRouter.d.ts' exist - use it as a name resolution result.
Resolving real path for 'C:/_Git/react-power-table/node_modules/@types/react-router/lib/withRouter.d.ts', result 'C:/_Git/react-power-table/node_modules/@types/react-router/lib/withRouter.d.ts'
======== Module name 'react-router/lib/withRouter' was successfully resolved to 'C:/_Git/react-power-table/node_modules/@types/react-router/lib/withRouter.d.ts'. ========
======== Resolving module 'react-router/lib/RouteUtils' from 'C:/_Git/react-power-table/node_modules/@types/react-router/index.d.ts'. ========
Explicitly specified module resolution kind: 'NodeJs'.
Loading module 'react-router/lib/RouteUtils' from 'node_modules' folder, target file type 'TypeScript'.
Directory 'C:/_Git/react-power-table/node_modules/@types/react-router/node_modules' does not exist, skipping all lookups in it.
Directory 'C:/_Git/react-power-table/node_modules/@types/node_modules' does not exist, skipping all lookups in it.
File 'C:/_Git/react-power-table/node_modules/react-router/lib/RouteUtils.ts' does not exist.
File 'C:/_Git/react-power-table/node_modules/react-router/lib/RouteUtils.tsx' does not exist.
File 'C:/_Git/react-power-table/node_modules/react-router/lib/RouteUtils.d.ts' does not exist.
File 'C:/_Git/react-power-table/node_modules/@types/react-router/lib/RouteUtils.d.ts' exist - use it as a name resolution result.
Resolving real path for 'C:/_Git/react-power-table/node_modules/@types/react-router/lib/RouteUtils.d.ts', result 'C:/_Git/react-power-table/node_modules/@types/react-router/lib/RouteUtils.d.ts'
======== Module name 'react-router/lib/RouteUtils' was successfully resolved to 'C:/_Git/react-power-table/node_modules/@types/react-router/lib/RouteUtils.d.ts'. ========
======== Resolving module 'react-router/lib/RouterContext' from 'C:/_Git/react-power-table/node_modules/@types/react-router/index.d.ts'. ========
Explicitly specified module resolution kind: 'NodeJs'.
Loading module 'react-router/lib/RouterContext' from 'node_modules' folder, target file type 'TypeScript'.
Directory 'C:/_Git/react-power-table/node_modules/@types/react-router/node_modules' does not exist, skipping all lookups in it.
Directory 'C:/_Git/react-power-table/node_modules/@types/node_modules' does not exist, skipping all lookups in it.
File 'C:/_Git/react-power-table/node_modules/react-router/lib/RouterContext.ts' does not exist.
File 'C:/_Git/react-power-table/node_modules/react-router/lib/RouterContext.tsx' does not exist.
File 'C:/_Git/react-power-table/node_modules/react-router/lib/RouterContext.d.ts' does not exist.
File 'C:/_Git/react-power-table/node_modules/@types/react-router/lib/RouterContext.d.ts' exist - use it as a name resolution result.
Resolving real path for 'C:/_Git/react-power-table/node_modules/@types/react-router/lib/RouterContext.d.ts', result 'C:/_Git/react-power-table/node_modules/@types/react-router/lib/RouterContext.d.ts'
======== Module name 'react-router/lib/RouterContext' was successfully resolved to 'C:/_Git/react-power-table/node_modules/@types/react-router/lib/RouterContext.d.ts'. ========
======== Resolving module 'react-router/lib/PropTypes' from 'C:/_Git/react-power-table/node_modules/@types/react-router/index.d.ts'. ========
Explicitly specified module resolution kind: 'NodeJs'.
Loading module 'react-router/lib/PropTypes' from 'node_modules' folder, target file type 'TypeScript'.
Directory 'C:/_Git/react-power-table/node_modules/@types/react-router/node_modules' does not exist, skipping all lookups in it.
Directory 'C:/_Git/react-power-table/node_modules/@types/node_modules' does not exist, skipping all lookups in it.
File 'C:/_Git/react-power-table/node_modules/react-router/lib/PropTypes.ts' does not exist.
File 'C:/_Git/react-power-table/node_modules/react-router/lib/PropTypes.tsx' does not exist.
File 'C:/_Git/react-power-table/node_modules/react-router/lib/PropTypes.d.ts' does not exist.
File 'C:/_Git/react-power-table/node_modules/@types/react-router/lib/PropTypes.d.ts' exist - use it as a name resolution result.
Resolving real path for 'C:/_Git/react-power-table/node_modules/@types/react-router/lib/PropTypes.d.ts', result 'C:/_Git/react-power-table/node_modules/@types/react-router/lib/PropTypes.d.ts'
======== Module name 'react-router/lib/PropTypes' was successfully resolved to 'C:/_Git/react-power-table/node_modules/@types/react-router/lib/PropTypes.d.ts'. ========
======== Resolving module 'react-router/lib/match' from 'C:/_Git/react-power-table/node_modules/@types/react-router/index.d.ts'. ========
Explicitly specified module resolution kind: 'NodeJs'.
Loading module 'react-router/lib/match' from 'node_modules' folder, target file type 'TypeScript'.
Directory 'C:/_Git/react-power-table/node_modules/@types/react-router/node_modules' does not exist, skipping all lookups in it.
Directory 'C:/_Git/react-power-table/node_modules/@types/node_modules' does not exist, skipping all lookups in it.
File 'C:/_Git/react-power-table/node_modules/react-router/lib/match.ts' does not exist.
File 'C:/_Git/react-power-table/node_modules/react-router/lib/match.tsx' does not exist.
File 'C:/_Git/react-power-table/node_modules/react-router/lib/match.d.ts' does not exist.
File 'C:/_Git/react-power-table/node_modules/@types/react-router/lib/match.d.ts' exist - use it as a name resolution result.
Resolving real path for 'C:/_Git/react-power-table/node_modules/@types/react-router/lib/match.d.ts', result 'C:/_Git/react-power-table/node_modules/@types/react-router/lib/match.d.ts'
======== Module name 'react-router/lib/match' was successfully resolved to 'C:/_Git/react-power-table/node_modules/@types/react-router/lib/match.d.ts'. ========
======== Resolving module 'react-router/lib/useRouterHistory' from 'C:/_Git/react-power-table/node_modules/@types/react-router/index.d.ts'. ========
Explicitly specified module resolution kind: 'NodeJs'.
Loading module 'react-router/lib/useRouterHistory' from 'node_modules' folder, target file type 'TypeScript'.
Directory 'C:/_Git/react-power-table/node_modules/@types/react-router/node_modules' does not exist, skipping all lookups in it.
Directory 'C:/_Git/react-power-table/node_modules/@types/node_modules' does not exist, skipping all lookups in it.
File 'C:/_Git/react-power-table/node_modules/react-router/lib/useRouterHistory.ts' does not exist.
File 'C:/_Git/react-power-table/node_modules/react-router/lib/useRouterHistory.tsx' does not exist.
File 'C:/_Git/react-power-table/node_modules/react-router/lib/useRouterHistory.d.ts' does not exist.
File 'C:/_Git/react-power-table/node_modules/@types/react-router/lib/useRouterHistory.d.ts' exist - use it as a name resolution result.
Resolving real path for 'C:/_Git/react-power-table/node_modules/@types/react-router/lib/useRouterHistory.d.ts', result 'C:/_Git/react-power-table/node_modules/@types/react-router/lib/useRouterHistory.d.ts'
======== Module name 'react-router/lib/useRouterHistory' was successfully resolved to 'C:/_Git/react-power-table/node_modules/@types/react-router/lib/useRouterHistory.d.ts'. ========
======== Resolving module 'react-router/lib/PatternUtils' from 'C:/_Git/react-power-table/node_modules/@types/react-router/index.d.ts'. ========
Explicitly specified module resolution kind: 'NodeJs'.
Loading module 'react-router/lib/PatternUtils' from 'node_modules' folder, target file type 'TypeScript'.
Directory 'C:/_Git/react-power-table/node_modules/@types/react-router/node_modules' does not exist, skipping all lookups in it.
Directory 'C:/_Git/react-power-table/node_modules/@types/node_modules' does not exist, skipping all lookups in it.
File 'C:/_Git/react-power-table/node_modules/react-router/lib/PatternUtils.ts' does not exist.
File 'C:/_Git/react-power-table/node_modules/react-router/lib/PatternUtils.tsx' does not exist.
File 'C:/_Git/react-power-table/node_modules/react-router/lib/PatternUtils.d.ts' does not exist.
File 'C:/_Git/react-power-table/node_modules/@types/react-router/lib/PatternUtils.d.ts' exist - use it as a name resolution result.
Resolving real path for 'C:/_Git/react-power-table/node_modules/@types/react-router/lib/PatternUtils.d.ts', result 'C:/_Git/react-power-table/node_modules/@types/react-router/lib/PatternUtils.d.ts'
======== Module name 'react-router/lib/PatternUtils' was successfully resolved to 'C:/_Git/react-power-table/node_modules/@types/react-router/lib/PatternUtils.d.ts'. ========
======== Resolving module 'react-router/lib/applyRouterMiddleware' from 'C:/_Git/react-power-table/node_modules/@types/react-router/index.d.ts'. ========
Explicitly specified module resolution kind: 'NodeJs'.
Loading module 'react-router/lib/applyRouterMiddleware' from 'node_modules' folder, target file type 'TypeScript'.
Directory 'C:/_Git/react-power-table/node_modules/@types/react-router/node_modules' does not exist, skipping all lookups in it.
Directory 'C:/_Git/react-power-table/node_modules/@types/node_modules' does not exist, skipping all lookups in it.
File 'C:/_Git/react-power-table/node_modules/react-router/lib/applyRouterMiddleware.ts' does not exist.
File 'C:/_Git/react-power-table/node_modules/react-router/lib/applyRouterMiddleware.tsx' does not exist.
File 'C:/_Git/react-power-table/node_modules/react-router/lib/applyRouterMiddleware.d.ts' does not exist.
File 'C:/_Git/react-power-table/node_modules/@types/react-router/lib/applyRouterMiddleware.d.ts' exist - use it as a name resolution result.
Resolving real path for 'C:/_Git/react-power-table/node_modules/@types/react-router/lib/applyRouterMiddleware.d.ts', result 'C:/_Git/react-power-table/node_modules/@types/react-router/lib/applyRouterMiddleware.d.ts'
======== Module name 'react-router/lib/applyRouterMiddleware' was successfully resolved to 'C:/_Git/react-power-table/node_modules/@types/react-router/lib/applyRouterMiddleware.d.ts'. ========
======== Resolving module 'react-router/lib/browserHistory' from 'C:/_Git/react-power-table/node_modules/@types/react-router/index.d.ts'. ========
Explicitly specified module resolution kind: 'NodeJs'.
Loading module 'react-router/lib/browserHistory' from 'node_modules' folder, target file type 'TypeScript'.
Directory 'C:/_Git/react-power-table/node_modules/@types/react-router/node_modules' does not exist, skipping all lookups in it.
Directory 'C:/_Git/react-power-table/node_modules/@types/node_modules' does not exist, skipping all lookups in it.
File 'C:/_Git/react-power-table/node_modules/react-router/lib/browserHistory.ts' does not exist.
File 'C:/_Git/react-power-table/node_modules/react-router/lib/browserHistory.tsx' does not exist.
File 'C:/_Git/react-power-table/node_modules/react-router/lib/browserHistory.d.ts' does not exist.
File 'C:/_Git/react-power-table/node_modules/@types/react-router/lib/browserHistory.d.ts' exist - use it as a name resolution result.
Resolving real path for 'C:/_Git/react-power-table/node_modules/@types/react-router/lib/browserHistory.d.ts', result 'C:/_Git/react-power-table/node_modules/@types/react-router/lib/browserHistory.d.ts'
======== Module name 'react-router/lib/browserHistory' was successfully resolved to 'C:/_Git/react-power-table/node_modules/@types/react-router/lib/browserHistory.d.ts'. ========
======== Resolving module 'react-router/lib/hashHistory' from 'C:/_Git/react-power-table/node_modules/@types/react-router/index.d.ts'. ========
Explicitly specified module resolution kind: 'NodeJs'.
Loading module 'react-router/lib/hashHistory' from 'node_modules' folder, target file type 'TypeScript'.
Directory 'C:/_Git/react-power-table/node_modules/@types/react-router/node_modules' does not exist, skipping all lookups in it.
Directory 'C:/_Git/react-power-table/node_modules/@types/node_modules' does not exist, skipping all lookups in it.
File 'C:/_Git/react-power-table/node_modules/react-router/lib/hashHistory.ts' does not exist.
File 'C:/_Git/react-power-table/node_modules/react-router/lib/hashHistory.tsx' does not exist.
File 'C:/_Git/react-power-table/node_modules/react-router/lib/hashHistory.d.ts' does not exist.
File 'C:/_Git/react-power-table/node_modules/@types/react-router/lib/hashHistory.d.ts' exist - use it as a name resolution result.
Resolving real path for 'C:/_Git/react-power-table/node_modules/@types/react-router/lib/hashHistory.d.ts', result 'C:/_Git/react-power-table/node_modules/@types/react-router/lib/hashHistory.d.ts'
======== Module name 'react-router/lib/hashHistory' was successfully resolved to 'C:/_Git/react-power-table/node_modules/@types/react-router/lib/hashHistory.d.ts'. ========
======== Resolving module 'react-router/lib/createMemoryHistory' from 'C:/_Git/react-power-table/node_modules/@types/react-router/index.d.ts'. ========
Explicitly specified module resolution kind: 'NodeJs'.
Loading module 'react-router/lib/createMemoryHistory' from 'node_modules' folder, target file type 'TypeScript'.
Directory 'C:/_Git/react-power-table/node_modules/@types/react-router/node_modules' does not exist, skipping all lookups in it.
Directory 'C:/_Git/react-power-table/node_modules/@types/node_modules' does not exist, skipping all lookups in it.
File 'C:/_Git/react-power-table/node_modules/react-router/lib/createMemoryHistory.ts' does not exist.
File 'C:/_Git/react-power-table/node_modules/react-router/lib/createMemoryHistory.tsx' does not exist.
File 'C:/_Git/react-power-table/node_modules/react-router/lib/createMemoryHistory.d.ts' does not exist.
File 'C:/_Git/react-power-table/node_modules/@types/react-router/lib/createMemoryHistory.d.ts' exist - use it as a name resolution result.
Resolving real path for 'C:/_Git/react-power-table/node_modules/@types/react-router/lib/createMemoryHistory.d.ts', result 'C:/_Git/react-power-table/node_modules/@types/react-router/lib/createMemoryHistory.d.ts'
======== Module name 'react-router/lib/createMemoryHistory' was successfully resolved to 'C:/_Git/react-power-table/node_modules/@types/react-router/lib/createMemoryHistory.d.ts'. ========
======== Resolving module 'react' from 'C:/_Git/react-power-table/node_modules/@types/react-router/lib/Router.d.ts'. ========
Explicitly specified module resolution kind: 'NodeJs'.
Loading module 'react' from 'node_modules' folder, target file type 'TypeScript'.
Directory 'C:/_Git/react-power-table/node_modules/@types/react-router/lib/node_modules' does not exist, skipping all lookups in it.
Directory 'C:/_Git/react-power-table/node_modules/@types/react-router/node_modules' does not exist, skipping all lookups in it.
Resolution for module 'react' was found in cache.
Resolving real path for 'C:/_Git/react-power-table/node_modules/@types/react/index.d.ts', result 'C:/_Git/react-power-table/node_modules/@types/react/index.d.ts'
======== Module name 'react' was successfully resolved to 'C:/_Git/react-power-table/node_modules/@types/react/index.d.ts'. ========
======== Resolving module 'history' from 'C:/_Git/react-power-table/node_modules/@types/react-router/lib/Router.d.ts'. ========
Explicitly specified module resolution kind: 'NodeJs'.
Loading module 'history' from 'node_modules' folder, target file type 'TypeScript'.
Directory 'C:/_Git/react-power-table/node_modules/@types/react-router/lib/node_modules' does not exist, skipping all lookups in it.
Directory 'C:/_Git/react-power-table/node_modules/@types/react-router/node_modules' does not exist, skipping all lookups in it.
Directory 'C:/_Git/react-power-table/node_modules/@types/node_modules' does not exist, skipping all lookups in it.
File 'C:/_Git/react-power-table/node_modules/history.ts' does not exist.
File 'C:/_Git/react-power-table/node_modules/history.tsx' does not exist.
File 'C:/_Git/react-power-table/node_modules/history.d.ts' does not exist.
Found 'package.json' at 'C:/_Git/react-power-table/node_modules/history/package.json'.
'package.json' does not have a 'typings' field.
'package.json' does not have a 'types' field.
File 'C:/_Git/react-power-table/node_modules/history/index.ts' does not exist.
File 'C:/_Git/react-power-table/node_modules/history/index.tsx' does not exist.
File 'C:/_Git/react-power-table/node_modules/history/index.d.ts' does not exist.
File 'C:/_Git/react-power-table/node_modules/@types/history.d.ts' does not exist.
Found 'package.json' at 'C:/_Git/react-power-table/node_modules/@types/history/package.json'.
'package.json' does not have a 'typings' field.
'package.json' does not have a 'types' field.
File 'C:/_Git/react-power-table/node_modules/@types/history/index.d.ts' exist - use it as a name resolution result.
Resolving real path for 'C:/_Git/react-power-table/node_modules/@types/history/index.d.ts', result 'C:/_Git/react-power-table/node_modules/@types/history/index.d.ts'
======== Module name 'history' was successfully resolved to 'C:/_Git/react-power-table/node_modules/@types/history/index.d.ts'. ========
======== Resolving module 'react-router' from 'C:/_Git/react-power-table/node_modules/@types/react-router/lib/Router.d.ts'. ========
Explicitly specified module resolution kind: 'NodeJs'.
Loading module 'react-router' from 'node_modules' folder, target file type 'TypeScript'.
Directory 'C:/_Git/react-power-table/node_modules/@types/react-router/lib/node_modules' does not exist, skipping all lookups in it.
Directory 'C:/_Git/react-power-table/node_modules/@types/react-router/node_modules' does not exist, skipping all lookups in it.
Directory 'C:/_Git/react-power-table/node_modules/@types/node_modules' does not exist, skipping all lookups in it.
File 'C:/_Git/react-power-table/node_modules/react-router.ts' does not exist.
File 'C:/_Git/react-power-table/node_modules/react-router.tsx' does not exist.
File 'C:/_Git/react-power-table/node_modules/react-router.d.ts' does not exist.
Found 'package.json' at 'C:/_Git/react-power-table/node_modules/react-router/package.json'.
'package.json' does not have a 'typings' field.
'package.json' does not have a 'types' field.
File 'C:/_Git/react-power-table/node_modules/react-router/index.ts' does not exist.
File 'C:/_Git/react-power-table/node_modules/react-router/index.tsx' does not exist.
File 'C:/_Git/react-power-table/node_modules/react-router/index.d.ts' does not exist.
File 'C:/_Git/react-power-table/node_modules/@types/react-router.d.ts' does not exist.
Found 'package.json' at 'C:/_Git/react-power-table/node_modules/@types/react-router/package.json'.
'package.json' does not have a 'typings' field.
'package.json' does not have a 'types' field.
File 'C:/_Git/react-power-table/node_modules/@types/react-router/index.d.ts' exist - use it as a name resolution result.
Resolving real path for 'C:/_Git/react-power-table/node_modules/@types/react-router/index.d.ts', result 'C:/_Git/react-power-table/node_modules/@types/react-router/index.d.ts'
======== Module name 'react-router' was successfully resolved to 'C:/_Git/react-power-table/node_modules/@types/react-router/index.d.ts'. ========
======== Resolving module 'react' from 'C:/_Git/react-power-table/node_modules/@types/react-router/lib/Link.d.ts'. ========
Resolution for module 'react' was found in cache.
======== Module name 'react' was successfully resolved to 'C:/_Git/react-power-table/node_modules/@types/react/index.d.ts'. ========
======== Resolving module 'react-router/lib/IndexLink' from 'C:/_Git/react-power-table/node_modules/@types/react-router/lib/Link.d.ts'. ========
Explicitly specified module resolution kind: 'NodeJs'.
Loading module 'react-router/lib/IndexLink' from 'node_modules' folder, target file type 'TypeScript'.
Directory 'C:/_Git/react-power-table/node_modules/@types/react-router/lib/node_modules' does not exist, skipping all lookups in it.
Resolution for module 'react-router/lib/IndexLink' was found in cache.
Resolving real path for 'C:/_Git/react-power-table/node_modules/@types/react-router/lib/IndexLink.d.ts', result 'C:/_Git/react-power-table/node_modules/@types/react-router/lib/IndexLink.d.ts'
======== Module name 'react-router/lib/IndexLink' was successfully resolved to 'C:/_Git/react-power-table/node_modules/@types/react-router/lib/IndexLink.d.ts'. ========
======== Resolving module 'react' from 'C:/_Git/react-power-table/node_modules/@types/react-router/lib/IndexLink.d.ts'. ========
Resolution for module 'react' was found in cache.
======== Module name 'react' was successfully resolved to 'C:/_Git/react-power-table/node_modules/@types/react/index.d.ts'. ========
======== Resolving module 'history' from 'C:/_Git/react-power-table/node_modules/@types/react-router/lib/IndexLink.d.ts'. ========
Resolution for module 'history' was found in cache.
======== Module name 'history' was successfully resolved to 'C:/_Git/react-power-table/node_modules/@types/history/index.d.ts'. ========
======== Resolving module 'react' from 'C:/_Git/react-power-table/node_modules/@types/react-router/lib/Route.d.ts'. ========
Resolution for module 'react' was found in cache.
======== Module name 'react' was successfully resolved to 'C:/_Git/react-power-table/node_modules/@types/react/index.d.ts'. ========
======== Resolving module 'history' from 'C:/_Git/react-power-table/node_modules/@types/react-router/lib/Route.d.ts'. ========
Resolution for module 'history' was found in cache.
======== Module name 'history' was successfully resolved to 'C:/_Git/react-power-table/node_modules/@types/history/index.d.ts'. ========
======== Resolving module 'react-router' from 'C:/_Git/react-power-table/node_modules/@types/react-router/lib/Route.d.ts'. ========
Resolution for module 'react-router' was found in cache.
======== Module name 'react-router' was successfully resolved to 'C:/_Git/react-power-table/node_modules/@types/react-router/index.d.ts'. ========
======== Resolving module 'react-router/lib/IndexRoute' from 'C:/_Git/react-power-table/node_modules/@types/react-router/lib/Route.d.ts'. ========
Explicitly specified module resolution kind: 'NodeJs'.
Loading module 'react-router/lib/IndexRoute' from 'node_modules' folder, target file type 'TypeScript'.
Directory 'C:/_Git/react-power-table/node_modules/@types/react-router/lib/node_modules' does not exist, skipping all lookups in it.
Resolution for module 'react-router/lib/IndexRoute' was found in cache.
Resolving real path for 'C:/_Git/react-power-table/node_modules/@types/react-router/lib/IndexRoute.d.ts', result 'C:/_Git/react-power-table/node_modules/@types/react-router/lib/IndexRoute.d.ts'
======== Module name 'react-router/lib/IndexRoute' was successfully resolved to 'C:/_Git/react-power-table/node_modules/@types/react-router/lib/IndexRoute.d.ts'. ========
======== Resolving module 'react' from 'C:/_Git/react-power-table/node_modules/@types/react-router/lib/IndexRoute.d.ts'. ========
Resolution for module 'react' was found in cache.
======== Module name 'react' was successfully resolved to 'C:/_Git/react-power-table/node_modules/@types/react/index.d.ts'. ========
======== Resolving module 'history' from 'C:/_Git/react-power-table/node_modules/@types/react-router/lib/IndexRoute.d.ts'. ========
Resolution for module 'history' was found in cache.
======== Module name 'history' was successfully resolved to 'C:/_Git/react-power-table/node_modules/@types/history/index.d.ts'. ========
======== Resolving module 'react-router' from 'C:/_Git/react-power-table/node_modules/@types/react-router/lib/IndexRoute.d.ts'. ========
Resolution for module 'react-router' was found in cache.
======== Module name 'react-router' was successfully resolved to 'C:/_Git/react-power-table/node_modules/@types/react-router/index.d.ts'. ========
======== Resolving module 'react' from 'C:/_Git/react-power-table/node_modules/@types/react-router/lib/Redirect.d.ts'. ========
Resolution for module 'react' was found in cache.
======== Module name 'react' was successfully resolved to 'C:/_Git/react-power-table/node_modules/@types/react/index.d.ts'. ========
======== Resolving module 'react-router' from 'C:/_Git/react-power-table/node_modules/@types/react-router/lib/Redirect.d.ts'. ========
Resolution for module 'react-router' was found in cache.
======== Module name 'react-router' was successfully resolved to 'C:/_Git/react-power-table/node_modules/@types/react-router/index.d.ts'. ========
======== Resolving module 'react-router/lib/IndexRedirect' from 'C:/_Git/react-power-table/node_modules/@types/react-router/lib/Redirect.d.ts'. ========
Explicitly specified module resolution kind: 'NodeJs'.
Loading module 'react-router/lib/IndexRedirect' from 'node_modules' folder, target file type 'TypeScript'.
Directory 'C:/_Git/react-power-table/node_modules/@types/react-router/lib/node_modules' does not exist, skipping all lookups in it.
Resolution for module 'react-router/lib/IndexRedirect' was found in cache.
Resolving real path for 'C:/_Git/react-power-table/node_modules/@types/react-router/lib/IndexRedirect.d.ts', result 'C:/_Git/react-power-table/node_modules/@types/react-router/lib/IndexRedirect.d.ts'
======== Module name 'react-router/lib/IndexRedirect' was successfully resolved to 'C:/_Git/react-power-table/node_modules/@types/react-router/lib/IndexRedirect.d.ts'. ========
======== Resolving module 'history' from 'C:/_Git/react-power-table/node_modules/@types/react-router/lib/Redirect.d.ts'. ========
Resolution for module 'history' was found in cache.
======== Module name 'history' was successfully resolved to 'C:/_Git/react-power-table/node_modules/@types/history/index.d.ts'. ========
======== Resolving module 'react' from 'C:/_Git/react-power-table/node_modules/@types/react-router/lib/IndexRedirect.d.ts'. ========
Resolution for module 'react' was found in cache.
======== Module name 'react' was successfully resolved to 'C:/_Git/react-power-table/node_modules/@types/react/index.d.ts'. ========
======== Resolving module 'react-router' from 'C:/_Git/react-power-table/node_modules/@types/react-router/lib/IndexRedirect.d.ts'. ========
Resolution for module 'react-router' was found in cache.
======== Module name 'react-router' was successfully resolved to 'C:/_Git/react-power-table/node_modules/@types/react-router/index.d.ts'. ========
======== Resolving module 'history' from 'C:/_Git/react-power-table/node_modules/@types/react-router/lib/IndexRedirect.d.ts'. ========
Resolution for module 'history' was found in cache.
======== Module name 'history' was successfully resolved to 'C:/_Git/react-power-table/node_modules/@types/history/index.d.ts'. ========
======== Resolving module 'react' from 'C:/_Git/react-power-table/node_modules/@types/react-router/lib/withRouter.d.ts'. ========
Resolution for module 'react' was found in cache.
======== Module name 'react' was successfully resolved to 'C:/_Git/react-power-table/node_modules/@types/react/index.d.ts'. ========
======== Resolving module 'react-router' from 'C:/_Git/react-power-table/node_modules/@types/react-router/lib/RouteUtils.d.ts'. ========
Resolution for module 'react-router' was found in cache.
======== Module name 'react-router' was successfully resolved to 'C:/_Git/react-power-table/node_modules/@types/react-router/index.d.ts'. ========
======== Resolving module 'react' from 'C:/_Git/react-power-table/node_modules/@types/react-router/lib/RouterContext.d.ts'. ========
Resolution for module 'react' was found in cache.
======== Module name 'react' was successfully resolved to 'C:/_Git/react-power-table/node_modules/@types/react/index.d.ts'. ========
======== Resolving module 'react' from 'C:/_Git/react-power-table/node_modules/@types/react-router/lib/PropTypes.d.ts'. ========
Resolution for module 'react' was found in cache.
======== Module name 'react' was successfully resolved to 'C:/_Git/react-power-table/node_modules/@types/react/index.d.ts'. ========
======== Resolving module 'history' from 'C:/_Git/react-power-table/node_modules/@types/react-router/lib/match.d.ts'. ========
Resolution for module 'history' was found in cache.
======== Module name 'history' was successfully resolved to 'C:/_Git/react-power-table/node_modules/@types/history/index.d.ts'. ========
======== Resolving module 'react-router' from 'C:/_Git/react-power-table/node_modules/@types/react-router/lib/match.d.ts'. ========
Resolution for module 'react-router' was found in cache.
======== Module name 'react-router' was successfully resolved to 'C:/_Git/react-power-table/node_modules/@types/react-router/index.d.ts'. ========
======== Resolving module 'history' from 'C:/_Git/react-power-table/node_modules/@types/react-router/lib/useRouterHistory.d.ts'. ========
Resolution for module 'history' was found in cache.
======== Module name 'history' was successfully resolved to 'C:/_Git/react-power-table/node_modules/@types/history/index.d.ts'. ========
======== Resolving module 'react-router' from 'C:/_Git/react-power-table/node_modules/@types/react-router/lib/PatternUtils.d.ts'. ========
Resolution for module 'react-router' was found in cache.
======== Module name 'react-router' was successfully resolved to 'C:/_Git/react-power-table/node_modules/@types/react-router/index.d.ts'. ========
======== Resolving module 'react-router' from 'C:/_Git/react-power-table/node_modules/@types/react-router/lib/applyRouterMiddleware.d.ts'. ========
Resolution for module 'react-router' was found in cache.
======== Module name 'react-router' was successfully resolved to 'C:/_Git/react-power-table/node_modules/@types/react-router/index.d.ts'. ========
======== Resolving module 'react-router/lib/RouterContext' from 'C:/_Git/react-power-table/node_modules/@types/react-router/lib/applyRouterMiddleware.d.ts'. ========
Explicitly specified module resolution kind: 'NodeJs'.
Loading module 'react-router/lib/RouterContext' from 'node_modules' folder, target file type 'TypeScript'.
Directory 'C:/_Git/react-power-table/node_modules/@types/react-router/lib/node_modules' does not exist, skipping all lookups in it.
Resolution for module 'react-router/lib/RouterContext' was found in cache.
Resolving real path for 'C:/_Git/react-power-table/node_modules/@types/react-router/lib/RouterContext.d.ts', result 'C:/_Git/react-power-table/node_modules/@types/react-router/lib/RouterContext.d.ts'
======== Module name 'react-router/lib/RouterContext' was successfully resolved to 'C:/_Git/react-power-table/node_modules/@types/react-router/lib/RouterContext.d.ts'. ========
======== Resolving module 'history' from 'C:/_Git/react-power-table/node_modules/@types/react-router/lib/browserHistory.d.ts'. ========
Resolution for module 'history' was found in cache.
======== Module name 'history' was successfully resolved to 'C:/_Git/react-power-table/node_modules/@types/history/index.d.ts'. ========
======== Resolving module 'history' from 'C:/_Git/react-power-table/node_modules/@types/react-router/lib/hashHistory.d.ts'. ========
Resolution for module 'history' was found in cache.
======== Module name 'history' was successfully resolved to 'C:/_Git/react-power-table/node_modules/@types/history/index.d.ts'. ========
======== Resolving module 'history/lib/createMemoryHistory' from 'C:/_Git/react-power-table/node_modules/@types/react-router/lib/createMemoryHistory.d.ts'. ========
Explicitly specified module resolution kind: 'NodeJs'.
Loading module 'history/lib/createMemoryHistory' from 'node_modules' folder, target file type 'TypeScript'.
Directory 'C:/_Git/react-power-table/node_modules/@types/react-router/lib/node_modules' does not exist, skipping all lookups in it.
Directory 'C:/_Git/react-power-table/node_modules/@types/react-router/node_modules' does not exist, skipping all lookups in it.
Resolution for module 'history/lib/createMemoryHistory' was found in cache.
Resolving real path for 'C:/_Git/react-power-table/node_modules/@types/history/lib/createMemoryHistory.d.ts', result 'C:/_Git/react-power-table/node_modules/@types/history/lib/createMemoryHistory.d.ts'
======== Module name 'history/lib/createMemoryHistory' was successfully resolved to 'C:/_Git/react-power-table/node_modules/@types/history/lib/createMemoryHistory.d.ts'. ========
======== Resolving module 'react' from 'C:/_Git/react-power-table/node_modules/@types/react-select/index.d.ts'. ========
Explicitly specified module resolution kind: 'NodeJs'.
Loading module 'react' from 'node_modules' folder, target file type 'TypeScript'.
Directory 'C:/_Git/react-power-table/node_modules/@types/react-select/node_modules' does not exist, skipping all lookups in it.
Resolution for module 'react' was found in cache.
Resolving real path for 'C:/_Git/react-power-table/node_modules/@types/react/index.d.ts', result 'C:/_Git/react-power-table/node_modules/@types/react/index.d.ts'
======== Module name 'react' was successfully resolved to 'C:/_Git/react-power-table/node_modules/@types/react/index.d.ts'. ========
src/basic.tsx(3,31): error TS2307: Cannot find module 'react-power-table'.
